c:\users\vladz\desktop\src_sample\consolengine\debug\vc141.pdb
c:\users\vladz\desktop\src_sample\consolengine\debug\vc141.idb
c:\users\vladz\desktop\src_sample\consolengine\debug\baseapp.obj
c:\users\vladz\desktop\src_sample\consolengine\debug\figurei.obj
c:\users\vladz\desktop\src_sample\consolengine\debug\figurej.obj
c:\users\vladz\desktop\src_sample\consolengine\debug\figurel.obj
c:\users\vladz\desktop\src_sample\consolengine\debug\figureo.obj
c:\users\vladz\desktop\src_sample\consolengine\debug\figures.obj
c:\users\vladz\desktop\src_sample\consolengine\debug\figuret.obj
c:\users\vladz\desktop\src_sample\consolengine\debug\figurez.obj
c:\users\vladz\desktop\src_sample\consolengine\debug\globals.obj
c:\users\vladz\desktop\src_sample\consolengine\debug\main.obj
c:\users\vladz\desktop\src_sample\consolengine\debug\pixel.obj
c:\users\vladz\desktop\src_sample\consolengine\debug\singlebrick.obj
c:\users\vladz\desktop\src_sample\consolengine\debug\tetramino.obj
c:\users\vladz\desktop\src_sample\consolengine\debug\tetraminofactory.obj
c:\users\vladz\desktop\src_sample\consolengine\debug\tetris.obj
c:\users\vladz\desktop\src_sample\debug\consolengine.ilk
c:\users\vladz\desktop\src_sample\debug\consolengine.exe
c:\users\vladz\desktop\src_sample\debug\consolengine.pdb
c:\users\vladz\desktop\src_sample\consolengine\debug\consolengine.tlog\cl.command.1.tlog
c:\users\vladz\desktop\src_sample\consolengine\debug\consolengine.tlog\cl.read.1.tlog
c:\users\vladz\desktop\src_sample\consolengine\debug\consolengine.tlog\cl.write.1.tlog
c:\users\vladz\desktop\src_sample\consolengine\debug\consolengine.tlog\link.command.1.tlog
c:\users\vladz\desktop\src_sample\consolengine\debug\consolengine.tlog\link.read.1.tlog
c:\users\vladz\desktop\src_sample\consolengine\debug\consolengine.tlog\link.write.1.tlog
